背景图路径错误，请检查文件位置
当前为多帧GIF，已读取第一帧用于坐标定位，请确保各帧楼梯位置一致
背景图原始分辨率：宽度1580像素 × 高度1080像素
图像缩放比例：0.8（若需调整，可修改代码中scale变量）
已按屏幕适配并缩放显示，实际应用比例：0.7898
点击位置坐标：X=976, Y=334
点击位置坐标：X=936, Y=902
已保存到 picked_coords.json：楼层 1 -> (936, 902)
点击位置坐标：X=1066, Y=545
已保存到 picked_coords.json：楼层 2 -> (1066, 545)
点击位置坐标：X=1100, Y=278
已保存到 picked_coords.json：楼层 3 -> (1100, 278)
点击位置坐标：X=1053, Y=565
点击位置坐标：X=1350, Y=154
当前为多帧GIF，已读取第一帧用于坐标定位，请确保各帧楼梯位置一致
背景图原始分辨率：宽度1580像素 × 高度1080像素
图像缩放比例：0.8（若需调整，可修改代码中scale变量）
已按屏幕适配并缩放显示，实际应用比例：0.7898
点击位置坐标：X=541, Y=1004
已复制到剪贴板：541,1004
背景图路径错误，请检查文件位置
未找到指定背景，已在当前目录自动选择匹配 GIF：长颈鹿家.gif
当前为多帧GIF，已读取第一帧用于坐标定位，请确保各帧楼梯位置一致
背景图原始分辨率：宽度1580像素 × 高度1080像素
图像缩放比例：0.8（若需调整，可修改代码中scale变量）
已按屏幕适配并缩放显示，实际应用比例：0.7898
点击位置坐标：X=588, Y=912
已复制到剪贴板：588,912
点击位置坐标：X=614, Y=895
已复制到剪贴板：614,895
点击位置坐标：X=682, Y=858
已复制到剪贴板：682,858
